# JRE version: OpenJDK Runtime Environment Corretto-11.0.11.9.1 (11.0.11+9) (build 11.0.11+9-LTS)
# Java VM: OpenJDK 64-Bit Server VM Corretto-11.0.11.9.1 (11.0.11+9-LTS, mixed mode, tiered, compressed oops, g1 gc, windows-amd64)
Heap:
 garbage-first heap   total 527360K, used 41366K [0x00000006c1600000, 0x0000000800000000)
  region size 1024K, 16 young (16384K), 16 survivors (16384K)
 Metaspace       used 71429K, capacity 74146K, committed 74276K, reserved 1124352K
  class space    used 9432K, capacity 10527K, committed 10624K, reserved 1048576K
GC Heap History (20 events):
Event: 0.890 GC heap before
{Heap before GC invocations=2 (full 0):
 garbage-first heap   total 327680K, used 35330K [0x00000006c1600000, 0x0000000800000000)
  region size 1024K, 29 young (29696K), 1 survivors (1024K)
 Metaspace       used 14457K, capacity 14903K, committed 15104K, reserved 1062912K
  class space    used 1530K, capacity 1672K, committed 1792K, reserved 1048576K
}
Event: 0.891 GC heap after
{Heap after GC invocations=3 (full 0):
 garbage-first heap   total 327680K, used 7671K [0x00000006c1600000, 0x0000000800000000)
  region size 1024K, 1 young (1024K), 1 survivors (1024K)
 Metaspace       used 14457K, capacity 14903K, committed 15104K, reserved 1062912K
  class space    used 1530K, capacity 1672K, committed 1792K, reserved 1048576K
}
Event: 1.358 GC heap before
{Heap before GC invocations=3 (full 0):
 garbage-first heap   total 327680K, used 50679K [0x00000006c1600000, 0x0000000800000000)
  region size 1024K, 44 young (45056K), 1 survivors (1024K)
 Metaspace       used 20338K, capacity 21072K, committed 21120K, reserved 1067008K
  class space    used 2388K, capacity 2655K, committed 2688K, reserved 1048576K
}
Event: 1.361 GC heap after
{Heap after GC invocations=4 (full 0):
 garbage-first heap   total 327680K, used 9622K [0x00000006c1600000, 0x0000000800000000)
  region size 1024K, 3 young (3072K), 3 survivors (3072K)
 Metaspace       used 20338K, capacity 21072K, committed 21120K, reserved 1067008K
  class space    used 2388K, capacity 2655K, committed 2688K, reserved 1048576K
}
Event: 1.365 GC heap before
{Heap before GC invocations=4 (full 0):
 garbage-first heap   total 327680K, used 10646K [0x00000006c1600000, 0x0000000800000000)
  region size 1024K, 5 young (5120K), 3 survivors (3072K)
 Metaspace       used 20436K, capacity 21236K, committed 21296K, reserved 1069056K
  class space    used 2397K, capacity 2688K, committed 2688K, reserved 1048576K
}
Event: 1.368 GC heap after
{Heap after GC invocations=5 (full 0):
 garbage-first heap   total 327680K, used 9702K [0x00000006c1600000, 0x0000000800000000)
  region size 1024K, 3 young (3072K), 3 survivors (3072K)
 Metaspace       used 20436K, capacity 21236K, committed 21296K, reserved 1069056K
  class space    used 2397K, capacity 2688K, committed 2688K, reserved 1048576K
}
Event: 2.139 GC heap before
{Heap before GC invocations=6 (full 0):
 garbage-first heap   total 327680K, used 137702K [0x00000006c1600000, 0x0000000800000000)
  region size 1024K, 129 young (132096K), 3 survivors (3072K)
 Metaspace       used 27634K, capacity 28651K, committed 28928K, reserved 1075200K
  class space    used 3368K, capacity 3794K, committed 3840K, reserved 1048576K
}
Event: 2.145 GC heap after
{Heap after GC invocations=7 (full 0):
 garbage-first heap   total 327680K, used 12888K [0x00000006c1600000, 0x0000000800000000)
  region size 1024K, 6 young (6144K), 6 survivors (6144K)
 Metaspace       used 27634K, capacity 28651K, committed 28928K, reserved 1075200K
  class space    used 3368K, capacity 3794K, committed 3840K, reserved 1048576K
}
Event: 2.829 GC heap before
{Heap before GC invocations=7 (full 0):
 garbage-first heap   total 327680K, used 95832K [0x00000006c1600000, 0x0000000800000000)
  region size 1024K, 88 young (90112K), 6 survivors (6144K)
 Metaspace       used 34489K, capacity 35879K, committed 35968K, reserved 1081344K
  class space    used 4368K, capacity 4914K, committed 4992K, reserved 1048576K
}
Event: 2.847 GC heap after
{Heap after GC invocations=8 (full 0):
 garbage-first heap   total 393216K, used 17790K [0x00000006c1600000, 0x0000000800000000)
  region size 1024K, 11 young (11264K), 11 survivors (11264K)
 Metaspace       used 34489K, capacity 35879K, committed 35968K, reserved 1081344K
  class space    used 4368K, capacity 4914K, committed 4992K, reserved 1048576K
}
Event: 3.746 GC heap before
{Heap before GC invocations=9 (full 0):
 garbage-first heap   total 393216K, used 189822K [0x00000006c1600000, 0x0000000800000000)
  region size 1024K, 180 young (184320K), 11 survivors (11264K)
 Metaspace       used 48324K, capacity 49803K, committed 50048K, reserved 1093632K
  class space    used 6167K, capacity 6759K, committed 6784K, reserved 1048576K
}
Event: 3.757 GC heap after
{Heap after GC invocations=10 (full 0):
 garbage-first heap   total 393216K, used 22873K [0x00000006c1600000, 0x0000000800000000)
  region size 1024K, 16 young (16384K), 16 survivors (16384K)
 Metaspace       used 48324K, capacity 49803K, committed 50048K, reserved 1093632K
  class space    used 6167K, capacity 6759K, committed 6784K, reserved 1048576K
}
Event: 4.560 GC heap before
{Heap before GC invocations=10 (full 0):
 garbage-first heap   total 393216K, used 127321K [0x00000006c1600000, 0x0000000800000000)
  region size 1024K, 119 young (121856K), 16 survivors (16384K)
 Metaspace       used 58567K, capacity 60135K, committed 60288K, reserved 1101824K
  class space    used 7565K, capacity 8193K, committed 8320K, reserved 1048576K
}
Event: 4.577 GC heap after
{Heap after GC invocations=11 (full 0):
 garbage-first heap   total 393216K, used 27798K [0x00000006c1600000, 0x0000000800000000)
  region size 1024K, 18 young (18432K), 18 survivors (18432K)
 Metaspace       used 58567K, capacity 60135K, committed 60288K, reserved 1101824K
  class space    used 7565K, capacity 8193K, committed 8320K, reserved 1048576K
}
Event: 5.935 GC heap before
{Heap before GC invocations=12 (full 0):
 garbage-first heap   total 393216K, used 244886K [0x00000006c1600000, 0x0000000800000000)
  region size 1024K, 230 young (235520K), 18 survivors (18432K)
 Metaspace       used 65828K, capacity 68097K, committed 68260K, reserved 1107968K
  class space    used 8731K, capacity 9627K, committed 9728K, reserved 1048576K
}
Event: 5.957 GC heap after
{Heap after GC invocations=13 (full 0):
 garbage-first heap   total 393216K, used 38257K [0x00000006c1600000, 0x0000000800000000)
  region size 1024K, 26 young (26624K), 26 survivors (26624K)
 Metaspace       used 65828K, capacity 68097K, committed 68260K, reserved 1107968K
  class space    used 8731K, capacity 9627K, committed 9728K, reserved 1048576K
}
Event: 7.981 GC heap before
{Heap before GC invocations=13 (full 0):
 garbage-first heap   total 393216K, used 246129K [0x00000006c1600000, 0x0000000800000000)
  region size 1024K, 230 young (235520K), 26 survivors (26624K)
 Metaspace       used 70556K, capacity 73253K, committed 73380K, reserved 1112064K
  class space    used 9352K, capacity 10435K, committed 10496K, reserved 1048576K
}
Event: 8.004 GC heap after
{Heap after GC invocations=14 (full 0):
 garbage-first heap   total 527360K, used 40342K [0x00000006c1600000, 0x0000000800000000)
  region size 1024K, 15 young (15360K), 15 survivors (15360K)
 Metaspace       used 70556K, capacity 73253K, committed 73380K, reserved 1112064K
  class space    used 9352K, capacity 10435K, committed 10496K, reserved 1048576K
}
Event: 8.198 GC heap before
{Heap before GC invocations=14 (full 0):
 garbage-first heap   total 527360K, used 53654K [0x00000006c1600000, 0x0000000800000000)
  region size 1024K, 29 young (29696K), 15 survivors (15360K)
 Metaspace       used 71429K, capacity 74146K, committed 74276K, reserved 1122304K
  class space    used 9432K, capacity 10527K, committed 10624K, reserved 1048576K
}
Event: 8.211 GC heap after
{Heap after GC invocations=15 (full 0):
 garbage-first heap   total 527360K, used 41366K [0x00000006c1600000, 0x0000000800000000)
  region size 1024K, 16 young (16384K), 16 survivors (16384K)
 Metaspace       used 71429K, capacity 74146K, committed 74276K, reserved 1122304K
  class space    used 9432K, capacity 10527K, committed 10624K, reserved 1048576K
}

